guzhang_lr 

guzhang_rf 

guzhang_rm 

guzhang_rr 

kd1 

ki1 

kp1 

ESP_switch 

TCS_switch 

ag_thr 

BMS1_1SOC
Pitching
Rolling
Heading
Longitude
Latitude
EastSpd
Altitude
NorthSpd
SkySpd
Yacceleration
Zacceleration
Zangularrate
Xacceleration
Xangularrate
Yangularrate
MCU0_5SpeedFdk
BMS1_SOC
MCU0_4SpeedFdk
MCU0_3SpeedFdk
MCU0_2SpeedFdk
MCU0_1SpeedFdk
BMS1_2SOC
MCU0_SpeedFdk
acc_y
s_act_lf
s_act_lm
s_act_lr
s_act_rf
s_act_rm
s_act_rr
trq_out_l_forward
trq_out_r_forward
trq_dem_l_forward
trq_dem_r_forward
trq_adjust_l_forward
trq_adjust_r_forward
trq_pid_rm_adjust
trq_pid_lm_adjust
trq_pid_rr_adjust
trq_pid_rf_adjust
trq_pid_lr_adjust
trq_pid_lf_adjust
trq_out_lf_forward
trq_out_lm_forward
trq_out_lr_forward
trq_out_rf_forward
trq_out_rm_forward
trq_out_rr_forward
flag_lf
flag_lm
flag_lr
flag_rf
flag_rm
flag_rr
delta_Twending_dem
mode_dem_out
TCS_mode
